{
  "RSpec": {
    "coverage": {
      "/a/path/to/measure/OpenStudio-measure-tester-gem/spec/test_measures/AddOverhangsByProjectionFactor/measure.rb": [
        null,
        1,
        null,
        null,
        1,
        0,
        null,
        null,
        null,
        1,
        8,
        null,
        null,
        null,
        8,
        8,
        8,
        8,
        null,
        null,
        8,
        8,
        8,
        8,
        8,
        8,
        8,
        8,
        8,
        null,
        null,
        8,
        8,
        8,
        8,
        null,
        null,
        8,
        8,
        null,
        null,
        8,
        8,
        8,
        1704,
        null,
        null,
        null,
        8,
        null,
        1704,
        1476,
        1476,
        null,
        null,
        null,
        null,
        8,
        8,
        8,
        null,
        null,
        8,
        null,
        null,
        null,
        1,
        4,
        null,
        null,
        4,
        1,
        null,
        null,
        null,
        3,
        3,
        3,
        3,
        null,
        null,
        3,
        3,
        0,
        0,
        null,
        1,
        1,
        null,
        0,
        null,
        null,
        null,
        3,
        3,
        1,
        1,
        1,
        1,
        null,
        0,
        0,
        null,
        null,
        null,
        2,
        2,
        null,
        0,
        0,
        null,
        null,
        null,
        null,
        3,
        3,
        0,
        null,
        3,
        null,
        null,
        3,
        null,
        null,
        null,
        3,
        0,
        null,
        null,
        null,
        3,
        6,
        6,
        1704,
        1704,
        0,
        0,
        0,
        null,
        null,
        null,
        null,
        6,
        null,
        null,
        null,
        3,
        null,
        null,
        3,
        null,
        null,
        3,
        3,
        3,
        7,
        7,
        null,
        null,
        3,
        null,
        null,
        3,
        2,
        2,
        5,
        5,
        5,
        null,
        null,
        2,
        null,
        null,
        null,
        3,
        null,
        null,
        3,
        3,
        null,
        15,
        15,
        12,
        9,
        9,
        9,
        9,
        null,
        9,
        9,
        null,
        9,
        0,
        null,
        0,
        null,
        9,
        null,
        0,
        null,
        0,
        0,
        null,
        null,
        null,
        9,
        21,
        21,
        5,
        1,
        1,
        null,
        null,
        null,
        null,
        9,
        null,
        null,
        3,
        null,
        null,
        6,
        6,
        0,
        null,
        0,
        null,
        6,
        6,
        null,
        null,
        6,
        3,
        3,
        null,
        null,
        6,
        null,
        null,
        null,
        null,
        null,
        3,
        0,
        0,
        null,
        null,
        null,
        3,
        null,
        null,
        3,
        3,
        3,
        8,
        null,
        3,
        null,
        3,
        null,
        null,
        null,
        null,
        null,
        null,
        1
      ],
      "/a/path/to/measure/OpenStudio-measure-tester-gem/spec/test_measures/ChangeBuildingLocation/tests/change_building_location_test.rb": [
        1,
        1,
        1,
        null,
        1,
        null,
        1,
        null,
        0,
        null,
        null,
        1,
        1,
        null,
        null,
        1,
        null,
        1,
        null,
        null,
        16,
        16,
        null,
        null,
        16,
        null,
        null,
        null,
        1,
        null,
        null,
        4,
        null,
        null,
        4,
        4,
        4,
        null,
        null,
        4,
        null,
        0,
        null,
        null,
        4,
        4,
        4,
        4,
        4,
        null,
        null,
        null,
        4,
        4,
        null,
        null,
        4,
        8,
        8,
        4,
        null,
        8,
        null,
        null,
        null,
        4,
        4,
        4,
        4,
        null,
        4,
        null,
        null,
        4,
        4,
        null,
        null,
        4,
        null,
        null,
        4,
        null,
        null,
        null,
        4,
        4,
        null,
        null,
        4,
        4,
        null,
        null,
        4,
        4,
        null,
        null,
        4,
        null,
        null,
        4,
        4,
        null,
        null,
        1,
        1,
        1,
        1,
        null,
        null,
        1,
        1,
        1,
        1,
        null,
        null,
        1,
        1,
        1,
        1,
        null,
        null,
        1,
        1,
        1,
        1,
        null,
        null,
        null
      ],
      "/a/path/to/measure/OpenStudio-measure-tester-gem/spec/test_measures/ChangeBuildingLocation/measure.rb": [
        null,
        null,
        1,
        1,
        null,
        null,
        1,
        null,
        null,
        null,
        1,
        0,
        null,
        null,
        null,
        1,
        8,
        null,
        8,
        8,
        8,
        8,
        null,
        null,
        8,
        8,
        8,
        8,
        8,
        8,
        8,
        8,
        8,
        8,
        8,
        8,
        8,
        8,
        8,
        8,
        8,
        8,
        8,
        8,
        8,
        8,
        8,
        null,
        8,
        null,
        null,
        null,
        1,
        4,
        null,
        null,
        4,
        0,
        null,
        null,
        null,
        4,
        0,
        null,
        4,
        null,
        null,
        null,
        4,
        4,
        null,
        null,
        4,
        4,
        3,
        null,
        1,
        1,
        null,
        null,
        null,
        3,
        null,
        3,
        3,
        3,
        3,
        3,
        3,
        3,
        3,
        3,
        3,
        3,
        null,
        3,
        3,
        3,
        3,
        3,
        null,
        null,
        3,
        3,
        3,
        3,
        3,
        3,
        null,
        3,
        null,
        null,
        3,
        3,
        0,
        0,
        0,
        0,
        0,
        null,
        0,
        0,
        0,
        null,
        null,
        0,
        0,
        null,
        3,
        0,
        0,
        null,
        null,
        3,
        3,
        3,
        3,
        3,
        null,
        null,
        6,
        null,
        null,
        3,
        3,
        0,
        0,
        0,
        0,
        null,
        0,
        0,
        0,
        null,
        null,
        0,
        null,
        null,
        3,
        0,
        0,
        null,
        null,
        3,
        3,
        null,
        36,
        36,
        6,
        null,
        null,
        6,
        null,
        null,
        null,
        null,
        3,
        3,
        null,
        null,
        3,
        3,
        3,
        null,
        null,
        null,
        null,
        null,
        3,
        3,
        3,
        0,
        null,
        3,
        null,
        null,
        null,
        null,
        3,
        3,
        null,
        null,
        3,
        null,
        3,
        null,
        null,
        null,
        null,
        1
      ],
      "/a/path/to/measure/OpenStudio-measure-tester-gem/spec/test_measures/ChangeBuildingLocation/resources/stat_file.rb": [
        null,
        null,
        null,
        null,
        null,
        null,
        null,
        null,
        null,
        null,
        null,
        null,
        null,
        null,
        null,
        null,
        null,
        null,
        null,
        1,
        null,
        1,
        1,
        1,
        1,
        1,
        1,
        1,
        1,
        1,
        1,
        1,
        1,
        1,
        null,
        1,
        3,
        3,
        3,
        3,
        3,
        3,
        3,
        3,
        3,
        3,
        3,
        3,
        3,
        null,
        null,
        1,
        0,
        null,
        null,
        null,
        1,
        6,
        6,
        78,
        6,
        null,
        0,
        null,
        null,
        6,
        null,
        null,
        null,
        1,
        3,
        3,
        null,
        0,
        null,
        null,
        3,
        null,
        null,
        1,
        null,
        null,
        1,
        3,
        3,
        3,
        3,
        null,
        null,
        null,
        null,
        1,
        null,
        3,
        3,
        3,
        0,
        0,
        null,
        null,
        3,
        3,
        0,
        null,
        null,
        3,
        3,
        3,
        null,
        null,
        3,
        null,
        null,
        null,
        3,
        3,
        3,
        0,
        0,
        null,
        3,
        3,
        0,
        null,
        null,
        null,
        null,
        3,
        3,
        3,
        0,
        0,
        null,
        3,
        null,
        null,
        3,
        3,
        3,
        0,
        0,
        null,
        3,
        null,
        null,
        3,
        3,
        3,
        0,
        0,
        null,
        3,
        null,
        null,
        3,
        3,
        3,
        0,
        0,
        null,
        3,
        null,
        null,
        null,
        null,
        3,
        3,
        3,
        0,
        0,
        null,
        null,
        3,
        null,
        null,
        3,
        0,
        0,
        null,
        null,
        null,
        39,
        null,
        null,
        null,
        3,
        null,
        null,
        null,
        null
      ],
      "/a/path/to/measure/OpenStudio-measure-tester-gem/spec/test_measures/ChangeBuildingLocation/resources/epw.rb": [
        null,
        null,
        null,
        null,
        null,
        null,
        null,
        null,
        null,
        null,
        null,
        null,
        null,
        null,
        null,
        null,
        null,
        null,
        null,
        1,
        null,
        1,
        1,
        1,
        1,
        1,
        1,
        1,
        1,
        1,
        1,
        1,
        1,
        1,
        1,
        null,
        null,
        1,
        1,
        null,
        1,
        3,
        3,
        3,
        3,
        3,
        3,
        3,
        3,
        3,
        3,
        3,
        null,
        3,
        3,
        3,
        null,
        null,
        1,
        3,
        3,
        null,
        null,
        1,
        0,
        0,
        0,
        0,
        0,
        null,
        null,
        null,
        null,
        null,
        null,
        null,
        null,
        null,
        null,
        null,
        0,
        0,
        0,
        0,
        null,
        null,
        null,
        null,
        1,
        0,
        null,
        null,
        1,
        0,
        0,
        null,
        0,
        0,
        null,
        null,
        null,
        0,
        0,
        null,
        null,
        0,
        null,
        null,
        null,
        null,
        null,
        null,
        null,
        1,
        0,
        null,
        0,
        0,
        null,
        0,
        null,
        null,
        1,
        null,
        null,
        null,
        null,
        null,
        null,
        null,
        null,
        null,
        0,
        null,
        null,
        1,
        null,
        null,
        1,
        3,
        3,
        null,
        3,
        17560,
        null,
        17560,
        24,
        3,
        null,
        null,
        null,
        null,
        null,
        null,
        null,
        null,
        3,
        null,
        3,
        null,
        21,
        null,
        null,
        17536,
        null,
        null,
        null,
        null,
        17557,
        3,
        null,
        3,
        3,
        3,
        3,
        3,
        2,
        null,
        1,
        null,
        0,
        null,
        3,
        3,
        3,
        3,
        3,
        3,
        null,
        null,
        null,
        null,
        null,
        null
      ],
      "/a/path/to/measure/OpenStudio-measure-tester-gem/spec/test_measures/EnergyPlusMeasure/tests/energyplus_measure_test.rb": [
        1,
        1,
        1,
        null,
        null,
        1,
        null,
        1,
        null,
        0,
        null,
        null,
        1,
        1,
        null,
        1,
        null,
        null,
        null,
        null,
        null,
        1,
        null,
        1,
        null,
        null,
        1,
        null,
        null,
        1,
        1,
        1,
        null,
        null,
        1,
        null,
        1,
        null,
        null,
        1,
        1,
        null,
        null,
        1,
        null,
        null,
        1,
        null,
        null,
        1,
        1,
        null,
        null,
        1,
        1,
        1,
        null,
        null,
        1,
        1,
        1,
        null,
        null,
        1,
        null,
        null,
        1,
        null,
        1,
        null,
        null,
        1,
        1,
        null,
        null,
        1,
        null,
        null,
        1,
        null,
        null,
        1,
        1,
        null,
        null,
        1,
        1,
        1,
        null,
        null,
        1,
        1,
        1,
        null,
        null,
        1,
        null,
        null,
        1,
        1,
        1,
        null,
        null,
        1,
        1,
        null,
        null
      ],
      "/a/path/to/measure/OpenStudio-measure-tester-gem/spec/test_measures/EnergyPlusMeasure/measure.rb": [
        null,
        null,
        null,
        null,
        1,
        null,
        1,
        null,
        0,
        null,
        null,
        null,
        1,
        0,
        null,
        null,
        null,
        1,
        0,
        null,
        null,
        null,
        1,
        5,
        null,
        null,
        5,
        5,
        5,
        5,
        null,
        5,
        null,
        null,
        null,
        1,
        2,
        null,
        null,
        2,
        0,
        null,
        null,
        null,
        2,
        null,
        null,
        2,
        1,
        1,
        null,
        null,
        null,
        1,
        null,
        null,
        1,
        null,
        null,
        null,
        1,
        null,
        null,
        null,
        null,
        null,
        null,
        null,
        null,
        null,
        null,
        null,
        1,
        1,
        1,
        1,
        null,
        null,
        1,
        null,
        null,
        1,
        1,
        null,
        1,
        null,
        null,
        null,
        null,
        1
      ],
      "/a/path/to/measure/OpenStudio-measure-tester-gem/spec/test_measures/ModelMeasure/tests/model_measure_test.rb": [
        1,
        1,
        1,
        null,
        null,
        1,
        null,
        1,
        null,
        0,
        null,
        null,
        1,
        1,
        null,
        1,
        null,
        null,
        null,
        null,
        null,
        null,
        1,
        null,
        1,
        null,
        null,
        1,
        null,
        null,
        1,
        1,
        1,
        null,
        null,
        1,
        null,
        1,
        null,
        null,
        1,
        1,
        null,
        null,
        1,
        null,
        null,
        1,
        1,
        null,
        null,
        1,
        1,
        null,
        null,
        1,
        1,
        1,
        1,
        null,
        1,
        null,
        null,
        null,
        1,
        1,
        null,
        null,
        1,
        null,
        null,
        1,
        null,
        null,
        1,
        null,
        1,
        null,
        null,
        1,
        1,
        null,
        null,
        1,
        1,
        1,
        1,
        1,
        null,
        null,
        1,
        null,
        null,
        1,
        1,
        null,
        null,
        null,
        1,
        1,
        null,
        null,
        null,
        1,
        1,
        1,
        1,
        null,
        1,
        null,
        null,
        null,
        1,
        1,
        null,
        null,
        1,
        null,
        null,
        1,
        1,
        1,
        null,
        null,
        1,
        null,
        null,
        1,
        1,
        null,
        null
      ],
      "/a/path/to/measure/OpenStudio-measure-tester-gem/spec/test_measures/ModelMeasure/measure.rb": [
        null,
        null,
        null,
        null,
        1,
        null,
        1,
        null,
        0,
        null,
        null,
        null,
        1,
        0,
        null,
        null,
        null,
        1,
        0,
        null,
        null,
        null,
        1,
        5,
        null,
        null,
        5,
        5,
        5,
        5,
        null,
        5,
        null,
        null,
        null,
        1,
        2,
        null,
        null,
        2,
        0,
        null,
        null,
        null,
        2,
        null,
        null,
        2,
        1,
        1,
        null,
        null,
        null,
        1,
        null,
        null,
        1,
        1,
        null,
        null,
        1,
        null,
        null,
        1,
        null,
        1,
        null,
        null,
        null,
        null,
        1
      ],
      "/a/path/to/measure/OpenStudio-measure-tester-gem/spec/test_measures/ReportingMeasure/tests/reporting_measure_test.rb": [
        1,
        1,
        1,
        null,
        null,
        1,
        null,
        1,
        null,
        0,
        null,
        null,
        1,
        1,
        null,
        1,
        1,
        1,
        null,
        null,
        1,
        null,
        2,
        2,
        2,
        null,
        null,
        1,
        null,
        17,
        null,
        null,
        1,
        6,
        null,
        null,
        1,
        2,
        null,
        null,
        1,
        5,
        null,
        null,
        null,
        1,
        1,
        1,
        null,
        1,
        1,
        1,
        1,
        null,
        1,
        1,
        1,
        1,
        null,
        null,
        null,
        1,
        1,
        0,
        null,
        1,
        null,
        1,
        1,
        null,
        null,
        1,
        null,
        1,
        1,
        null,
        null,
        null,
        1,
        1,
        1,
        1,
        null,
        1,
        1,
        1,
        1,
        1,
        1,
        null,
        1,
        null,
        null,
        1,
        null,
        1,
        null,
        null,
        1,
        1,
        null,
        null,
        1,
        1,
        null,
        null,
        1,
        null,
        null,
        1,
        1,
        null,
        null,
        1,
        1,
        null,
        null,
        1,
        1,
        null,
        null,
        1,
        1,
        null,
        1,
        1,
        1,
        null,
        null,
        1,
        1,
        1,
        null,
        null,
        1,
        0,
        null,
        1,
        null,
        null,
        1,
        1,
        1,
        null,
        null,
        1,
        1,
        1,
        1,
        1,
        null,
        1,
        null,
        null,
        null,
        1,
        null,
        null
      ],
      "/a/path/to/measure/OpenStudio-measure-tester-gem/spec/test_measures/ReportingMeasure/measure.rb": [
        null,
        null,
        null,
        1,
        null,
        null,
        1,
        null,
        1,
        null,
        1,
        null,
        null,
        null,
        1,
        0,
        null,
        null,
        null,
        1,
        0,
        null,
        null,
        null,
        1,
        4,
        null,
        null,
        null,
        4,
        null,
        null,
        null,
        null,
        1,
        1,
        null,
        1,
        null,
        null,
        1,
        0,
        null,
        null,
        1,
        1,
        null,
        1,
        null,
        null,
        null,
        1,
        1,
        null,
        null,
        1,
        0,
        null,
        null,
        null,
        1,
        1,
        0,
        0,
        null,
        1,
        null,
        1,
        1,
        0,
        0,
        null,
        1,
        1,
        null,
        null,
        null,
        1,
        1,
        1,
        1,
        1,
        null,
        null,
        1,
        1,
        1,
        null,
        0,
        null,
        1,
        1,
        1,
        null,
        null,
        null,
        1,
        1,
        1,
        1,
        1,
        1,
        1,
        null,
        null,
        null,
        null,
        null,
        1,
        null,
        null,
        1,
        1,
        1,
        1,
        null,
        1,
        0,
        null,
        1,
        null,
        null,
        0,
        null,
        null,
        null,
        1,
        1,
        null,
        null,
        1,
        1,
        1,
        null,
        1,
        1,
        null,
        0,
        null,
        null,
        null,
        null,
        1,
        null,
        1,
        null,
        null,
        null,
        null,
        1
      ],
      "/a/path/to/measure/OpenStudio-measure-tester-gem/spec/test_measures/RotateBuilding/tests/RotateBuilding_Test.rb": [
        null,
        null,
        null,
        null,
        null,
        null,
        null,
        null,
        null,
        null,
        null,
        null,
        null,
        null,
        null,
        null,
        null,
        null,
        null,
        1,
        1,
        1,
        null,
        1,
        null,
        1,
        null,
        0,
        null,
        null,
        1,
        1,
        null,
        null,
        1,
        null,
        null,
        null,
        null,
        null,
        null,
        null,
        1,
        null,
        null,
        1,
        null,
        null,
        1,
        null,
        null,
        1,
        null,
        null,
        1,
        1,
        1,
        null,
        null,
        1,
        1,
        1,
        1,
        1,
        null,
        null,
        1,
        1,
        null,
        1,
        1,
        1,
        null,
        1,
        1,
        null,
        1,
        1,
        1,
        null,
        null,
        null,
        null,
        1,
        null,
        null,
        1,
        null,
        null,
        1,
        null,
        null,
        1,
        null,
        null,
        1,
        1,
        1,
        null,
        null,
        1,
        null,
        null,
        1,
        1,
        null,
        1,
        1,
        1,
        null,
        1,
        1,
        1,
        null,
        null,
        null,
        null,
        null,
        null,
        null,
        null,
        null
      ],
      "/a/path/to/measure/OpenStudio-measure-tester-gem/spec/test_measures/RotateBuilding/measure.rb": [
        null,
        1,
        null,
        null,
        1,
        0,
        null,
        null,
        null,
        1,
        6,
        null,
        null,
        6,
        6,
        6,
        6,
        null,
        6,
        null,
        null,
        null,
        1,
        2,
        null,
        null,
        2,
        0,
        null,
        null,
        null,
        2,
        null,
        null,
        2,
        2,
        2,
        null,
        null,
        null,
        2,
        2,
        2,
        null,
        null,
        2,
        0,
        null,
        null,
        2,
        2,
        null,
        null,
        null,
        2,
        2,
        2,
        3,
        1,
        null,
        null,
        null,
        null,
        2,
        1,
        null,
        null,
        null,
        2,
        2,
        null,
        2,
        null,
        null,
        null,
        null,
        null,
        null,
        null,
        1
      ],
      "/a/path/to/measure/OpenStudio-measure-tester-gem/spec/test_measures/SetGasBurnerEfficiency/tests/SetGasBurnerEfficiency_Test.rb": [
        1,
        1,
        1,
        null,
        1,
        null,
        1,
        null,
        0,
        null,
        null,
        1,
        1,
        null,
        1,
        null,
        1,
        null,
        null,
        1,
        null,
        null,
        1,
        null,
        null,
        1,
        null,
        null,
        1,
        1,
        1,
        1,
        1,
        1,
        1,
        1,
        1,
        1,
        1,
        1,
        1,
        null,
        null,
        1,
        1,
        1,
        1,
        1,
        null,
        null,
        1,
        1,
        null,
        1,
        null,
        1,
        1,
        1,
        null,
        1,
        1,
        1,
        null,
        1,
        1,
        1,
        null,
        1,
        1,
        1,
        null,
        1,
        1,
        1,
        null,
        1,
        1,
        1,
        null,
        1,
        1,
        1,
        null,
        1,
        1,
        1,
        null,
        1,
        1,
        1,
        null,
        1,
        1,
        1,
        null,
        1,
        1,
        1,
        1,
        null,
        null,
        null,
        null,
        null,
        1,
        null,
        null,
        1,
        null,
        null,
        1,
        null,
        null,
        1,
        null,
        null,
        1,
        1,
        1,
        1,
        1,
        1,
        1,
        1,
        1,
        1,
        1,
        1,
        1,
        null,
        null,
        1,
        1,
        1,
        1,
        1,
        null,
        null,
        1,
        1,
        null,
        1,
        null,
        1,
        1,
        1,
        null,
        1,
        1,
        1,
        null,
        1,
        1,
        1,
        null,
        1,
        1,
        1,
        null,
        1,
        1,
        1,
        null,
        1,
        1,
        1,
        null,
        1,
        1,
        1,
        null,
        1,
        1,
        1,
        null,
        1,
        1,
        1,
        null,
        1,
        1,
        1,
        null,
        1,
        1,
        1,
        1,
        null,
        null,
        null,
        null,
        null,
        null
      ],
      "/a/path/to/measure/OpenStudio-measure-tester-gem/spec/test_measures/SetGasBurnerEfficiency/measure.rb": [
        null,
        1,
        null,
        null,
        null,
        1,
        0,
        null,
        null,
        null,
        1,
        6,
        null,
        null,
        6,
        6,
        null,
        null,
        6,
        6,
        6,
        16,
        null,
        null,
        null,
        6,
        16,
        16,
        16,
        128,
        120,
        null,
        null,
        16,
        16,
        16,
        null,
        null,
        null,
        null,
        6,
        6,
        6,
        null,
        null,
        6,
        6,
        6,
        6,
        null,
        null,
        6,
        6,
        6,
        6,
        null,
        null,
        6,
        6,
        6,
        6,
        null,
        null,
        6,
        6,
        6,
        6,
        null,
        null,
        6,
        6,
        6,
        6,
        null,
        null,
        6,
        6,
        6,
        6,
        null,
        null,
        6,
        6,
        6,
        6,
        null,
        null,
        6,
        6,
        6,
        6,
        null,
        null,
        6,
        6,
        6,
        6,
        null,
        null,
        6,
        6,
        6,
        6,
        null,
        6,
        null,
        null,
        null,
        1,
        2,
        null,
        null,
        2,
        0,
        null,
        null,
        null,
        2,
        2,
        2,
        2,
        2,
        2,
        2,
        2,
        2,
        2,
        null,
        null,
        2,
        2,
        2,
        0,
        0,
        0,
        null,
        0,
        null,
        0,
        null,
        2,
        1,
        null,
        1,
        null,
        0,
        0,
        null,
        null,
        null,
        null,
        2,
        0,
        0,
        null,
        2,
        0,
        0,
        null,
        2,
        0,
        null,
        null,
        null,
        2,
        null,
        null,
        2,
        2,
        null,
        null,
        2,
        null,
        null,
        2,
        0,
        null,
        2,
        null,
        null,
        null,
        2,
        0,
        null,
        2,
        0,
        null,
        2,
        0,
        null,
        null,
        null,
        2,
        4,
        0,
        null,
        4,
        null,
        null,
        4,
        null,
        null,
        null,
        2,
        4,
        4,
        4,
        4,
        6,
        4,
        2,
        null,
        null,
        null,
        null,
        4,
        null,
        null,
        null,
        2,
        1,
        null,
        1,
        1,
        null,
        null,
        null,
        2,
        null,
        null,
        2,
        5,
        null,
        null,
        5,
        41,
        41,
        2,
        null,
        null,
        2,
        2,
        2,
        2,
        null,
        null,
        2,
        null,
        null,
        2,
        2,
        0,
        0,
        null,
        null,
        null,
        null,
        2,
        0,
        0,
        0,
        null,
        null,
        null,
        2,
        null,
        null,
        2,
        null,
        2,
        2,
        null,
        null,
        2,
        null,
        null,
        null,
        null,
        null,
        null,
        null,
        null,
        null,
        null,
        2,
        0,
        0,
        0,
        null,
        null,
        0,
        0,
        null,
        null,
        null,
        null,
        2,
        null,
        2,
        0,
        0,
        null,
        null,
        null,
        2,
        null,
        2,
        null,
        null,
        null,
        null,
        null,
        null,
        1
      ]
    },
    "timestamp": 1519866378
  }
}
