{
  "RSpec": {
    "coverage": {
      "/Users/kflemin/repos/OpenStudio-measure-tester-gem/spec/test_measures/RotateBuilding/measure.rb": [
        null,
        1,
        null,
        null,
        1,
        0,
        null,
        null,
        null,
        1,
        6,
        null,
        null,
        6,
        6,
        6,
        6,
        null,
        6,
        null,
        null,
        null,
        1,
        2,
        null,
        null,
        2,
        0,
        null,
        null,
        null,
        2,
        null,
        null,
        2,
        2,
        2,
        null,
        null,
        null,
        2,
        2,
        2,
        null,
        null,
        2,
        0,
        null,
        null,
        2,
        2,
        null,
        null,
        null,
        2,
        2,
        2,
        3,
        1,
        null,
        null,
        null,
        null,
        2,
        1,
        null,
        null,
        null,
        2,
        2,
        null,
        2,
        null,
        null,
        null,
        null,
        null,
        null,
        null,
        1
      ],
      "/Users/kflemin/repos/OpenStudio-measure-tester-gem/spec/test_measures/SetGasBurnerEfficiency/tests/SetGasBurnerEfficiency_Test.rb": [
        1,
        1,
        1,
        null,
        1,
        null,
        1,
        null,
        1,
        null,
        1,
        null,
        null,
        1,
        null,
        null,
        1,
        null,
        null,
        1,
        null,
        null,
        1,
        1,
        1,
        1,
        1,
        1,
        1,
        1,
        1,
        1,
        1,
        1,
        1,
        null,
        null,
        1,
        1,
        1,
        1,
        1,
        null,
        null,
        1,
        1,
        null,
        1,
        null,
        1,
        1,
        1,
        null,
        1,
        1,
        1,
        null,
        1,
        1,
        1,
        null,
        1,
        1,
        1,
        null,
        1,
        1,
        1,
        null,
        1,
        1,
        1,
        null,
        1,
        1,
        1,
        null,
        1,
        1,
        1,
        null,
        1,
        1,
        1,
        null,
        1,
        1,
        1,
        null,
        1,
        1,
        1,
        1,
        null,
        null,
        null,
        null,
        null,
        1,
        null,
        null,
        1,
        null,
        null,
        1,
        null,
        null,
        1,
        null,
        null,
        1,
        1,
        1,
        1,
        1,
        1,
        1,
        1,
        1,
        1,
        1,
        1,
        1,
        null,
        null,
        1,
        1,
        1,
        1,
        1,
        null,
        null,
        1,
        1,
        null,
        1,
        null,
        1,
        1,
        1,
        null,
        1,
        1,
        1,
        null,
        1,
        1,
        1,
        null,
        1,
        1,
        1,
        null,
        1,
        1,
        1,
        null,
        1,
        1,
        1,
        null,
        1,
        1,
        1,
        null,
        1,
        1,
        1,
        null,
        1,
        1,
        1,
        null,
        1,
        1,
        1,
        null,
        1,
        1,
        1,
        1,
        null,
        null,
        null,
        null,
        null,
        null
      ],
      "/Users/kflemin/repos/OpenStudio-measure-tester-gem/spec/test_measures/SetGasBurnerEfficiency/measure.rb": [
        null,
        1,
        null,
        null,
        null,
        1,
        0,
        null,
        null,
        null,
        1,
        6,
        null,
        null,
        6,
        6,
        null,
        null,
        6,
        6,
        6,
        16,
        null,
        null,
        null,
        6,
        16,
        16,
        16,
        128,
        120,
        null,
        null,
        16,
        16,
        16,
        null,
        null,
        null,
        null,
        6,
        6,
        6,
        null,
        null,
        6,
        6,
        6,
        6,
        null,
        null,
        6,
        6,
        6,
        6,
        null,
        null,
        6,
        6,
        6,
        6,
        null,
        null,
        6,
        6,
        6,
        6,
        null,
        null,
        6,
        6,
        6,
        6,
        null,
        null,
        6,
        6,
        6,
        6,
        null,
        null,
        6,
        6,
        6,
        6,
        null,
        null,
        6,
        6,
        6,
        6,
        null,
        null,
        6,
        6,
        6,
        6,
        null,
        null,
        6,
        6,
        6,
        6,
        null,
        6,
        null,
        null,
        null,
        1,
        2,
        null,
        null,
        2,
        0,
        null,
        null,
        null,
        2,
        2,
        2,
        2,
        2,
        2,
        2,
        2,
        2,
        2,
        null,
        null,
        2,
        2,
        2,
        0,
        0,
        0,
        null,
        0,
        null,
        0,
        null,
        2,
        1,
        null,
        1,
        null,
        0,
        0,
        null,
        null,
        null,
        null,
        2,
        0,
        0,
        null,
        2,
        0,
        0,
        null,
        2,
        0,
        null,
        null,
        null,
        2,
        null,
        null,
        2,
        2,
        null,
        null,
        2,
        null,
        null,
        2,
        0,
        null,
        2,
        null,
        null,
        null,
        2,
        0,
        null,
        2,
        0,
        null,
        2,
        0,
        null,
        null,
        null,
        2,
        4,
        0,
        null,
        4,
        null,
        null,
        4,
        null,
        null,
        null,
        2,
        4,
        4,
        4,
        4,
        6,
        4,
        2,
        null,
        null,
        null,
        null,
        4,
        null,
        null,
        null,
        2,
        1,
        null,
        1,
        1,
        null,
        null,
        null,
        2,
        null,
        null,
        2,
        5,
        null,
        null,
        5,
        41,
        41,
        2,
        null,
        null,
        2,
        2,
        2,
        2,
        null,
        null,
        2,
        null,
        null,
        2,
        2,
        0,
        0,
        null,
        null,
        null,
        null,
        2,
        0,
        0,
        0,
        null,
        null,
        null,
        2,
        null,
        null,
        2,
        null,
        2,
        2,
        null,
        null,
        2,
        null,
        null,
        null,
        null,
        null,
        null,
        null,
        null,
        null,
        null,
        2,
        0,
        0,
        0,
        null,
        null,
        0,
        0,
        null,
        null,
        null,
        null,
        2,
        null,
        2,
        0,
        0,
        null,
        null,
        null,
        2,
        null,
        2,
        null,
        null,
        null,
        null,
        null,
        null,
        1
      ],
      "/Users/kflemin/repos/OpenStudio-measure-tester-gem/spec/test_measures/pristine/tests/pristine_test.rb": [
        1,
        1,
        1,
        1,
        1,
        1,
        null,
        1,
        null,
        null,
        null,
        null,
        null,
        null,
        null,
        1,
        null,
        1,
        null,
        null,
        1,
        null,
        null,
        1,
        1,
        1,
        null,
        null,
        1,
        null,
        1,
        null,
        null,
        1,
        1,
        null,
        null,
        1,
        null,
        null,
        1,
        1,
        null,
        null,
        1,
        1,
        null,
        null,
        1,
        1,
        1,
        1,
        null,
        1,
        null,
        null,
        null,
        1,
        1,
        null,
        null,
        1,
        null,
        null,
        1,
        null,
        null,
        1,
        null,
        1,
        null,
        null,
        1,
        1,
        null,
        null,
        1,
        1,
        1,
        1,
        1,
        null,
        null,
        1,
        null,
        null,
        1,
        1,
        null,
        null,
        null,
        1,
        1,
        null,
        null,
        null,
        1,
        1,
        1,
        1,
        null,
        1,
        null,
        null,
        null,
        1,
        1,
        null,
        null,
        1,
        null,
        null,
        1,
        1,
        1,
        null,
        null,
        1,
        null,
        null,
        1,
        1,
        null,
        null,
        null
      ],
      "/Users/kflemin/repos/OpenStudio-measure-tester-gem/spec/test_measures/pristine/measure.rb": [
        null,
        null,
        null,
        null,
        1,
        null,
        null,
        1,
        0,
        null,
        null,
        null,
        1,
        0,
        null,
        null,
        null,
        1,
        0,
        null,
        null,
        null,
        1,
        5,
        null,
        null,
        5,
        5,
        5,
        5,
        null,
        5,
        null,
        null,
        null,
        1,
        2,
        null,
        null,
        2,
        0,
        null,
        null,
        null,
        2,
        null,
        null,
        2,
        1,
        1,
        null,
        null,
        null,
        1,
        null,
        null,
        1,
        1,
        null,
        null,
        null,
        1,
        null,
        null,
        1,
        null,
        1,
        null,
        null,
        null,
        null,
        null,
        null,
        1
      ]
    },
    "timestamp": 1518642847
  }
}
